07-Apr-2017 18:02:11.585 INFO [main] org.apache.catalina.startup.VersionLoggerListener.log Server version:        Apache Tomcat/8.5.6
07-Apr-2017 18:02:11.590 INFO [main] org.apache.catalina.startup.VersionLoggerListener.log Server built:          Oct 6 2016 20:15:31 UTC
07-Apr-2017 18:02:11.590 INFO [main] org.apache.catalina.startup.VersionLoggerListener.log Server number:         8.5.6.0
07-Apr-2017 18:02:11.590 INFO [main] org.apache.catalina.startup.VersionLoggerListener.log OS Name:               Mac OS X
07-Apr-2017 18:02:11.590 INFO [main] org.apache.catalina.startup.VersionLoggerListener.log OS Version:            10.11.6
07-Apr-2017 18:02:11.590 INFO [main] org.apache.catalina.startup.VersionLoggerListener.log Architecture:          x86_64
07-Apr-2017 18:02:11.590 INFO [main] org.apache.catalina.startup.VersionLoggerListener.log Java Home:             /Library/Java/JavaVirtualMachines/jdk1.8.0_77.jdk/Contents/Home/jre
07-Apr-2017 18:02:11.590 INFO [main] org.apache.catalina.startup.VersionLoggerListener.log JVM Version:           1.8.0_77-b03
07-Apr-2017 18:02:11.590 INFO [main] org.apache.catalina.startup.VersionLoggerListener.log JVM Vendor:            Oracle Corporation
07-Apr-2017 18:02:11.590 INFO [main] org.apache.catalina.startup.VersionLoggerListener.log CATALINA_BASE:         /Users/sasikumaranandan/Downloads/atlassian-jira-software-7.3.4-standalone
07-Apr-2017 18:02:11.591 INFO [main] org.apache.catalina.startup.VersionLoggerListener.log CATALINA_HOME:         /Users/sasikumaranandan/Downloads/atlassian-jira-software-7.3.4-standalone
07-Apr-2017 18:02:11.591 INFO [main] org.apache.catalina.startup.VersionLoggerListener.log Command line argument: -Djava.util.logging.config.file=/Users/sasikumaranandan/Downloads/atlassian-jira-software-7.3.4-standalone/conf/logging.properties
07-Apr-2017 18:02:11.593 INFO [main] org.apache.catalina.startup.VersionLoggerListener.log Command line argument: -Djava.util.logging.manager=org.apache.juli.ClassLoaderLogManager
07-Apr-2017 18:02:11.593 INFO [main] org.apache.catalina.startup.VersionLoggerListener.log Command line argument: -Xms384m
07-Apr-2017 18:02:11.593 INFO [main] org.apache.catalina.startup.VersionLoggerListener.log Command line argument: -Xmx768m
07-Apr-2017 18:02:11.593 INFO [main] org.apache.catalina.startup.VersionLoggerListener.log Command line argument: -Djava.awt.headless=true
07-Apr-2017 18:02:11.593 INFO [main] org.apache.catalina.startup.VersionLoggerListener.log Command line argument: -Datlassian.standalone=JIRA
07-Apr-2017 18:02:11.593 INFO [main] org.apache.catalina.startup.VersionLoggerListener.log Command line argument: -Dorg.apache.jasper.runtime.BodyContentImpl.LIMIT_BUFFER=true
07-Apr-2017 18:02:11.593 INFO [main] org.apache.catalina.startup.VersionLoggerListener.log Command line argument: -Dmail.mime.decodeparameters=true
07-Apr-2017 18:02:11.593 INFO [main] org.apache.catalina.startup.VersionLoggerListener.log Command line argument: -Dorg.dom4j.factory=com.atlassian.core.xml.InterningDocumentFactory
07-Apr-2017 18:02:11.593 INFO [main] org.apache.catalina.startup.VersionLoggerListener.log Command line argument: -XX:+PrintGCDateStamps
07-Apr-2017 18:02:11.594 INFO [main] org.apache.catalina.startup.VersionLoggerListener.log Command line argument: -XX:-OmitStackTraceInFastThrow
07-Apr-2017 18:02:11.594 INFO [main] org.apache.catalina.startup.VersionLoggerListener.log Command line argument: -Djdk.tls.ephemeralDHKeySize=2048
07-Apr-2017 18:02:11.594 INFO [main] org.apache.catalina.startup.VersionLoggerListener.log Command line argument: -Djava.protocol.handler.pkgs=org.apache.catalina.webresources
07-Apr-2017 18:02:11.594 INFO [main] org.apache.catalina.startup.VersionLoggerListener.log Command line argument: -Dcatalina.base=/Users/sasikumaranandan/Downloads/atlassian-jira-software-7.3.4-standalone
07-Apr-2017 18:02:11.594 INFO [main] org.apache.catalina.startup.VersionLoggerListener.log Command line argument: -Dcatalina.home=/Users/sasikumaranandan/Downloads/atlassian-jira-software-7.3.4-standalone
07-Apr-2017 18:02:11.594 INFO [main] org.apache.catalina.startup.VersionLoggerListener.log Command line argument: -Djava.io.tmpdir=/Users/sasikumaranandan/Downloads/atlassian-jira-software-7.3.4-standalone/temp
07-Apr-2017 18:02:11.594 INFO [main] org.apache.catalina.core.AprLifecycleListener.lifecycleEvent The APR based Apache Tomcat Native library which allows optimal performance in production environments was not found on the java.library.path: /Users/sasikumaranandan/Library/Java/Extensions:/Library/Java/Extensions:/Network/Library/Java/Extensions:/System/Library/Java/Extensions:/usr/lib/java:.
07-Apr-2017 18:02:11.785 INFO [main] org.apache.coyote.AbstractProtocol.init Initializing ProtocolHandler ["http-nio-8080"]
07-Apr-2017 18:02:11.792 INFO [main] org.apache.catalina.startup.Catalina.load Initialization processed in 737 ms
07-Apr-2017 18:02:11.805 INFO [main] org.apache.catalina.core.StandardService.startInternal Starting service Catalina
07-Apr-2017 18:02:11.805 INFO [main] org.apache.catalina.core.StandardEngine.startInternal Starting Servlet Engine: Apache Tomcat/8.5.6
07-Apr-2017 18:02:17.618 INFO [main] org.apache.coyote.AbstractProtocol.start Starting ProtocolHandler [http-nio-8080]
07-Apr-2017 18:02:17.653 INFO [main] org.apache.tomcat.util.net.NioSelectorPool.getSharedSelector Using a shared selector for servlet write/read
07-Apr-2017 18:02:17.661 INFO [main] org.apache.catalina.startup.Catalina.start Server startup in 5868 ms
