07-Apr-2017 18:02:11.585 INFO [main] org.apache.catalina.startup.VersionLoggerListener.log Server version:        Apache Tomcat/8.5.6
07-Apr-2017 18:02:11.590 INFO [main] org.apache.catalina.startup.VersionLoggerListener.log Server built:          Oct 6 2016 20:15:31 UTC
07-Apr-2017 18:02:11.590 INFO [main] org.apache.catalina.startup.VersionLoggerListener.log Server number:         8.5.6.0
07-Apr-2017 18:02:11.590 INFO [main] org.apache.catalina.startup.VersionLoggerListener.log OS Name:               Mac OS X
07-Apr-2017 18:02:11.590 INFO [main] org.apache.catalina.startup.VersionLoggerListener.log OS Version:            10.11.6
07-Apr-2017 18:02:11.590 INFO [main] org.apache.catalina.startup.VersionLoggerListener.log Architecture:          x86_64
07-Apr-2017 18:02:11.590 INFO [main] org.apache.catalina.startup.VersionLoggerListener.log Java Home:             /Library/Java/JavaVirtualMachines/jdk1.8.0_77.jdk/Contents/Home/jre
07-Apr-2017 18:02:11.590 INFO [main] org.apache.catalina.startup.VersionLoggerListener.log JVM Version:           1.8.0_77-b03
07-Apr-2017 18:02:11.590 INFO [main] org.apache.catalina.startup.VersionLoggerListener.log JVM Vendor:            Oracle Corporation
07-Apr-2017 18:02:11.590 INFO [main] org.apache.catalina.startup.VersionLoggerListener.log CATALINA_BASE:         /Users/sasikumaranandan/Downloads/atlassian-jira-software-7.3.4-standalone
07-Apr-2017 18:02:11.591 INFO [main] org.apache.catalina.startup.VersionLoggerListener.log CATALINA_HOME:         /Users/sasikumaranandan/Downloads/atlassian-jira-software-7.3.4-standalone
07-Apr-2017 18:02:11.591 INFO [main] org.apache.catalina.startup.VersionLoggerListener.log Command line argument: -Djava.util.logging.config.file=/Users/sasikumaranandan/Downloads/atlassian-jira-software-7.3.4-standalone/conf/logging.properties
07-Apr-2017 18:02:11.593 INFO [main] org.apache.catalina.startup.VersionLoggerListener.log Command line argument: -Djava.util.logging.manager=org.apache.juli.ClassLoaderLogManager
07-Apr-2017 18:02:11.593 INFO [main] org.apache.catalina.startup.VersionLoggerListener.log Command line argument: -Xms384m
07-Apr-2017 18:02:11.593 INFO [main] org.apache.catalina.startup.VersionLoggerListener.log Command line argument: -Xmx768m
07-Apr-2017 18:02:11.593 INFO [main] org.apache.catalina.startup.VersionLoggerListener.log Command line argument: -Djava.awt.headless=true
07-Apr-2017 18:02:11.593 INFO [main] org.apache.catalina.startup.VersionLoggerListener.log Command line argument: -Datlassian.standalone=JIRA
07-Apr-2017 18:02:11.593 INFO [main] org.apache.catalina.startup.VersionLoggerListener.log Command line argument: -Dorg.apache.jasper.runtime.BodyContentImpl.LIMIT_BUFFER=true
07-Apr-2017 18:02:11.593 INFO [main] org.apache.catalina.startup.VersionLoggerListener.log Command line argument: -Dmail.mime.decodeparameters=true
07-Apr-2017 18:02:11.593 INFO [main] org.apache.catalina.startup.VersionLoggerListener.log Command line argument: -Dorg.dom4j.factory=com.atlassian.core.xml.InterningDocumentFactory
07-Apr-2017 18:02:11.593 INFO [main] org.apache.catalina.startup.VersionLoggerListener.log Command line argument: -XX:+PrintGCDateStamps
07-Apr-2017 18:02:11.594 INFO [main] org.apache.catalina.startup.VersionLoggerListener.log Command line argument: -XX:-OmitStackTraceInFastThrow
07-Apr-2017 18:02:11.594 INFO [main] org.apache.catalina.startup.VersionLoggerListener.log Command line argument: -Djdk.tls.ephemeralDHKeySize=2048
07-Apr-2017 18:02:11.594 INFO [main] org.apache.catalina.startup.VersionLoggerListener.log Command line argument: -Djava.protocol.handler.pkgs=org.apache.catalina.webresources
07-Apr-2017 18:02:11.594 INFO [main] org.apache.catalina.startup.VersionLoggerListener.log Command line argument: -Dcatalina.base=/Users/sasikumaranandan/Downloads/atlassian-jira-software-7.3.4-standalone
07-Apr-2017 18:02:11.594 INFO [main] org.apache.catalina.startup.VersionLoggerListener.log Command line argument: -Dcatalina.home=/Users/sasikumaranandan/Downloads/atlassian-jira-software-7.3.4-standalone
07-Apr-2017 18:02:11.594 INFO [main] org.apache.catalina.startup.VersionLoggerListener.log Command line argument: -Djava.io.tmpdir=/Users/sasikumaranandan/Downloads/atlassian-jira-software-7.3.4-standalone/temp
07-Apr-2017 18:02:11.594 INFO [main] org.apache.catalina.core.AprLifecycleListener.lifecycleEvent The APR based Apache Tomcat Native library which allows optimal performance in production environments was not found on the java.library.path: /Users/sasikumaranandan/Library/Java/Extensions:/Library/Java/Extensions:/Network/Library/Java/Extensions:/System/Library/Java/Extensions:/usr/lib/java:.
07-Apr-2017 18:02:11.785 INFO [main] org.apache.coyote.AbstractProtocol.init Initializing ProtocolHandler ["http-nio-8080"]
07-Apr-2017 18:02:11.792 INFO [main] org.apache.catalina.startup.Catalina.load Initialization processed in 737 ms
07-Apr-2017 18:02:11.805 INFO [main] org.apache.catalina.core.StandardService.startInternal Starting service Catalina
07-Apr-2017 18:02:11.805 INFO [main] org.apache.catalina.core.StandardEngine.startInternal Starting Servlet Engine: Apache Tomcat/8.5.6
log4j:WARN Failed to set property [dataProvider] to value "com.atlassian.jira.logging.log4j.layout.json.JiraJsonDataProvider". 
2017-04-07 18:02:17,081 JIRA-Bootstrap INFO      [c.a.jira.startup.JiraStartupLogger] 
    
    ****************
    JIRA starting...
    ****************
    
2017-04-07 18:02:17,338 localhost-startStop-1 FATAL      [c.a.jira.startup.JiraStartupLogger] 
    
    ****************************************************************************************************************************************************************
    No jira.home is configured.
    See https://docs.atlassian.com/jira/jadm-docs-073/Setting+your+JIRA+application+home+directory for instructions on setting jira.home
    ****************************************************************************************************************************************************************
    
2017-04-07 18:02:17,353 JIRA-Bootstrap INFO      [c.a.jira.startup.JiraStartupLogger] 
    
    ___ Environment _____________________________
    
         JIRA Build                                    : 7.3.4#73015-sha1:a262b3457b3605f12635df4b0a0c3dc71d631a1e
         Build Date                                    : Wed Mar 29 00:00:00 EDT 2017
         JIRA Installation Type                        : Standalone
         Application Server                            : Apache Tomcat/8.5.6 - Servlet API 3.1
         Java Version                                  : 1.8.0_77 - Oracle Corporation
         Current Working Directory                     : /Users/sasikumaranandan/Downloads/atlassian-jira-software-7.3.4-standalone/bin
         Maximum Allowable Memory                      : 683MB
         Total Memory                                  : 484MB
         Free Memory                                   : 435MB
         Used Memory                                   : 49MB
         Memory Pool: Code Cache                       : Code Cache: init = 2555904(2496K) used = 8559424(8358K) committed = 10354688(10112K) max = 251658240(245760K)
         Memory Pool: Metaspace                        : Metaspace: init = 0(0K) used = 21625456(21118K) committed = 22413312(21888K) max = -1(-1K)
         Memory Pool: Compressed Class Space           : Compressed Class Space: init = 0(0K) used = 2512528(2453K) committed = 2752512(2688K) max = 1073741824(1048576K)
         Memory Pool: PS Eden Space                    : PS Eden Space: init = 100663296(98304K) used = 27352984(26711K) committed = 210763776(205824K) max = 211288064(206336K)
         Memory Pool: PS Survivor Space                : PS Survivor Space: init = 16777216(16384K) used = 0(0K) committed = 28311552(27648K) max = 28311552(27648K)
         Memory Pool: PS Old Gen                       : PS Old Gen: init = 268435456(262144K) used = 23655216(23100K) committed = 268435456(262144K) max = 536870912(524288K)
         JVM Input Arguments                           : -Djava.util.logging.config.file=/Users/sasikumaranandan/Downloads/atlassian-jira-software-7.3.4-standalone/conf/logging.properties -Djava.util.logging.manager=org.apache.juli.ClassLoaderLogManager -Xms384m -Xmx768m -Djava.awt.headless=true -Datlassian.standalone=JIRA -Dorg.apache.jasper.runtime.BodyContentImpl.LIMIT_BUFFER=true -Dmail.mime.decodeparameters=true -Dorg.dom4j.factory=com.atlassian.core.xml.InterningDocumentFactory -XX:+PrintGCDateStamps -XX:-OmitStackTraceInFastThrow -Djdk.tls.ephemeralDHKeySize=2048 -Djava.protocol.handler.pkgs=org.apache.catalina.webresources -Dcatalina.base=/Users/sasikumaranandan/Downloads/atlassian-jira-software-7.3.4-standalone -Dcatalina.home=/Users/sasikumaranandan/Downloads/atlassian-jira-software-7.3.4-standalone -Djava.io.tmpdir=/Users/sasikumaranandan/Downloads/atlassian-jira-software-7.3.4-standalone/temp
         Java Compatibility Information                : JIRA version = 7.3.4, Java Version = 1.8.0_77
    
    ___ Java System Properties _________________
    
         atlassian.standalone                          : JIRA
         awt.toolkit                                   : sun.lwawt.macosx.LWCToolkit
         catalina.base                                 : /Users/sasikumaranandan/Downloads/atlassian-jira-software-7.3.4-standalone
         catalina.home                                 : /Users/sasikumaranandan/Downloads/atlassian-jira-software-7.3.4-standalone
         catalina.useNaming                            : true
         common.loader                                 : "${catalina.base}/lib",
                                                         "${catalina.base}/lib/*.jar",
                                                         "${catalina.home}/lib",
                                                         "${catalina.home}/lib/*.jar"
         file.encoding                                 : UTF-8
         file.encoding.pkg                             : sun.io
         ftp.nonProxyHosts                             : local|*.local|169.254/16|*.169.254/16
         gopherProxySet                                : false
         http.nonProxyHosts                            : local|*.local|169.254/16|*.169.254/16
         java.awt.graphicsenv                          : sun.awt.CGraphicsEnvironment
         java.awt.headless                             : true
         java.awt.printerjob                           : sun.lwawt.macosx.CPrinterJob
         java.class.version                            : 52.0
         java.home                                     : /Library/Java/JavaVirtualMachines/jdk1.8.0_77.jdk/Contents/Home/jre
         java.io.tmpdir                                : /Users/sasikumaranandan/Downloads/atlassian-jira-software-7.3.4-standalone/temp
         java.naming.factory.initial                   : org.apache.naming.java.javaURLContextFactory
         java.naming.factory.url.pkgs                  : org.apache.naming
         java.protocol.handler.pkgs                    : org.apache.catalina.webresources
         java.runtime.name                             : Java(TM) SE Runtime Environment
         java.runtime.version                          : 1.8.0_77-b03
         java.specification.name                       : Java Platform API Specification
         java.specification.vendor                     : Oracle Corporation
         java.specification.version                    : 1.8
         java.util.logging.config.file                 : /Users/sasikumaranandan/Downloads/atlassian-jira-software-7.3.4-standalone/conf/logging.properties
         java.util.logging.manager                     : org.apache.juli.ClassLoaderLogManager
         java.vendor                                   : Oracle Corporation
         java.vendor.url                               : http://java.oracle.com/
         java.vendor.url.bug                           : http://bugreport.sun.com/bugreport/
         java.version                                  : 1.8.0_77
         java.vm.info                                  : mixed mode
         java.vm.name                                  : Java HotSpot(TM) 64-Bit Server VM
         java.vm.specification.name                    : Java Virtual Machine Specification
         java.vm.specification.vendor                  : Oracle Corporation
         java.vm.specification.version                 : 1.8
         java.vm.vendor                                : Oracle Corporation
         java.vm.version                               : 25.77-b03
         jdk.tls.ephemeralDHKeySize                    : 2048
         mail.mime.decodeparameters                    : true
         org.apache.jasper.runtime.BodyContentImpl.LIMIT_BUFFER : true
         org.dom4j.factory                             : com.atlassian.core.xml.InterningDocumentFactory
         os.arch                                       : x86_64
         os.name                                       : Mac OS X
         os.version                                    : 10.11.6
         package.access                                : sun.,
                                                         org.apache.catalina.,
                                                         org.apache.coyote.,
                                                         org.apache.jasper.,
                                                         org.apache.tomcat.
         package.definition                            : sun.,
                                                         java.,
                                                         org.apache.catalina.,
                                                         org.apache.coyote.,
                                                         org.apache.jasper.,
                                                         org.apache.naming.,
                                                         org.apache.tomcat.
         server.loader                                 : 
         shared.loader                                 : 
         socksNonProxyHosts                            : local|*.local|169.254/16|*.169.254/16
         sun.arch.data.model                           : 64
         sun.boot.library.path                         : /Library/Java/JavaVirtualMachines/jdk1.8.0_77.jdk/Contents/Home/jre/lib
         sun.cpu.endian                                : little
         sun.cpu.isalist                               : 
         sun.io.unicode.encoding                       : UnicodeBig
         sun.java.command                              : org.apache.catalina.startup.Bootstrap start
         sun.java.launcher                             : SUN_STANDARD
         sun.jnu.encoding                              : UTF-8
         sun.management.compiler                       : HotSpot 64-Bit Tiered Compilers
         sun.os.patch.level                            : unknown
         tomcat.util.buf.StringCache.byte.enabled      : true
         tomcat.util.scan.StandardJarScanFilter.jarsToScan : log4j-web*.jar,
                                                         log4j-taglib*.jar,
                                                         log4javascript*.jar,
                                                         slf4j-taglib*.jar
         tomcat.util.scan.StandardJarScanFilter.jarsToSkip : bootstrap.jar,
                                                         commons-daemon.jar,
                                                         tomcat-juli.jar,
                                                         annotations-api.jar,
                                                         el-api.jar,
                                                         jsp-api.jar,
                                                         servlet-api.jar,
                                                         websocket-api.jar,
                                                         jaspic-api.jar,
                                                         catalina.jar,
                                                         catalina-ant.jar,
                                                         catalina-ha.jar,
                                                         catalina-storeconfig.jar,
                                                         catalina-tribes.jar,
                                                         jasper.jar,
                                                         jasper-el.jar,
                                                         ecj-*.jar,
                                                         tomcat-api.jar,
                                                         tomcat-util.jar,
                                                         tomcat-util-scan.jar,
                                                         tomcat-coyote.jar,
                                                         tomcat-dbcp.jar,
                                                         tomcat-jni.jar,
                                                         tomcat-websocket.jar,
                                                         tomcat-i18n-en.jar,
                                                         tomcat-i18n-es.jar,
                                                         tomcat-i18n-fr.jar,
                                                         tomcat-i18n-ja.jar,
                                                         tomcat-juli-adapters.jar,
                                                         catalina-jmx-remote.jar,
                                                         catalina-ws.jar,
                                                         tomcat-jdbc.jar,
                                                         tools.jar,
                                                         commons-beanutils*.jar,
                                                         commons-codec*.jar,
                                                         commons-collections*.jar,
                                                         commons-dbcp*.jar,
                                                         commons-digester*.jar,
                                                         commons-fileupload*.jar,
                                                         commons-httpclient*.jar,
                                                         commons-io*.jar,
                                                         commons-lang*.jar,
                                                         commons-logging*.jar,
                                                         commons-math*.jar,
                                                         commons-pool*.jar,
                                                         jstl.jar,
                                                         taglibs-standard-spec-*.jar,
                                                         geronimo-spec-jaxrpc*.jar,
                                                         wsdl4j*.jar,
                                                         ant.jar,
                                                         ant-junit*.jar,
                                                         aspectj*.jar,
                                                         jmx.jar,
                                                         h2*.jar,
                                                         hibernate*.jar,
                                                         httpclient*.jar,
                                                         jmx-tools.jar,
                                                         jta*.jar,
                                                         log4j*.jar,
                                                         mail*.jar,
                                                         slf4j*.jar,
                                                         xercesImpl.jar,
                                                         xmlParserAPIs.jar,
                                                         xml-apis.jar,
                                                         junit.jar,
                                                         junit-*.jar,
                                                         hamcrest-*.jar,
                                                         easymock-*.jar,
                                                         cglib-*.jar,
                                                         objenesis-*.jar,
                                                         ant-launcher.jar,
                                                         cobertura-*.jar,
                                                         asm-*.jar,
                                                         dom4j-*.jar,
                                                         icu4j-*.jar,
                                                         jaxen-*.jar,
                                                         jdom-*.jar,
                                                         jetty-*.jar,
                                                         oro-*.jar,
                                                         servlet-api-*.jar,
                                                         tagsoup-*.jar,
                                                         xmlParserAPIs-*.jar,
                                                         xom-*.jar
         user.country                                  : US
         user.dir                                      : /Users/sasikumaranandan/Downloads/atlassian-jira-software-7.3.4-standalone/bin
         user.home                                     : /Users/sasikumaranandan
         user.language                                 : en
         user.name                                     : sasikumaranandan
         user.timezone                                 : America/New_York
    
2017-04-07 18:02:17,568 localhost-startStop-1 ERROR      [c.a.j.web.dispatcher.JiraWebworkActionDispatcher] 
    
    ******************************************
    JIRA startup failed, JIRA has been locked.
    ******************************************
    
07-Apr-2017 18:02:17.618 INFO [main] org.apache.coyote.AbstractProtocol.start Starting ProtocolHandler [http-nio-8080]
07-Apr-2017 18:02:17.653 INFO [main] org.apache.tomcat.util.net.NioSelectorPool.getSharedSelector Using a shared selector for servlet write/read
07-Apr-2017 18:02:17.661 INFO [main] org.apache.catalina.startup.Catalina.start Server startup in 5868 ms
2017-04-07 18:02:17,815 JIRA-Bootstrap INFO      [c.a.jira.startup.JiraStartupLogger] Running JIRA startup checks.
2017-04-07 18:02:17,815 JIRA-Bootstrap FATAL      [c.a.jira.startup.JiraStartupLogger] Startup check failed. JIRA will be locked.
2017-04-07 18:02:17,911 JIRA-Bootstrap INFO      [c.a.jira.startup.LauncherContextListener] Memory Usage:
    ---------------------------------------------------------------------------------
      Heap memory     :  Used:  201 MiB.  Committed:  484 MiB.  Max:  741 MiB
      Non-heap memory :  Used:   36 MiB.  Committed:   38 MiB.  Max: 1264 MiB
    ---------------------------------------------------------------------------------
      TOTAL           :  Used:  237 MiB.  Committed:  522 MiB.  Max: 2005 MiB
    ---------------------------------------------------------------------------------
09-Apr-2017 12:14:59.598 INFO [main] org.apache.catalina.core.StandardServer.await A valid shutdown command was received via the shutdown port. Stopping the Server instance.
09-Apr-2017 12:14:59.601 INFO [main] org.apache.coyote.AbstractProtocol.pause Pausing ProtocolHandler ["http-nio-8080"]
09-Apr-2017 12:14:59.661 INFO [main] org.apache.catalina.core.StandardService.stopInternal Stopping service Catalina
2017-04-09 12:14:59,696 localhost-startStop-2 INFO      [c.a.jira.startup.DefaultJiraLauncher] Stopping launchers
2017-04-09 12:14:59,713 localhost-startStop-2 ERROR      [o.a.c.c.C.[Catalina].[localhost].[/]] Exception sending context destroyed event to listener instance of class com.atlassian.jira.startup.LauncherContextListener
java.lang.NullPointerException
	at com.atlassian.jira.startup.ClusteringLauncher.stop(ClusteringLauncher.java:48)
	at com.atlassian.jira.startup.DefaultJiraLauncher.stop(DefaultJiraLauncher.java:209)
	at com.atlassian.jira.startup.LauncherContextListener.contextDestroyed(LauncherContextListener.java:195)
	at org.apache.catalina.core.StandardContext.listenerStop(StandardContext.java:4774)
	at org.apache.catalina.core.StandardContext.stopInternal(StandardContext.java:5411)
	... 3 filtered
	at java.util.concurrent.FutureTask.run(FutureTask.java:266)
	at java.util.concurrent.ThreadPoolExecutor.runWorker(ThreadPoolExecutor.java:1142)
	at java.util.concurrent.ThreadPoolExecutor$Worker.run(ThreadPoolExecutor.java:617)
	at java.lang.Thread.run(Thread.java:745)
09-Apr-2017 12:14:59.824 SEVERE [localhost-startStop-2] org.apache.catalina.loader.WebappClassLoaderBase.checkThreadLocalMapForLeaks The web application [ROOT] created a ThreadLocal with key of type [org.picocontainer.DefaultPicoContainer.IntoThreadLocal] (value [org.picocontainer.DefaultPicoContainer$IntoThreadLocal@75e2e942]) and a value of type [java.lang.Class] (value [class org.picocontainer.ComponentAdapter$NOTHING]) but failed to remove it when the web application was stopped. Threads are going to be renewed over time to try and avoid a probable memory leak.
09-Apr-2017 12:14:59.838 INFO [main] org.apache.coyote.AbstractProtocol.stop Stopping ProtocolHandler ["http-nio-8080"]
09-Apr-2017 12:14:59.843 INFO [main] org.apache.coyote.AbstractProtocol.destroy Destroying ProtocolHandler ["http-nio-8080"]
09-Apr-2017 12:15:18.573 INFO [main] org.apache.catalina.startup.VersionLoggerListener.log Server version:        Apache Tomcat/8.5.6
09-Apr-2017 12:15:18.579 INFO [main] org.apache.catalina.startup.VersionLoggerListener.log Server built:          Oct 6 2016 20:15:31 UTC
09-Apr-2017 12:15:18.579 INFO [main] org.apache.catalina.startup.VersionLoggerListener.log Server number:         8.5.6.0
09-Apr-2017 12:15:18.579 INFO [main] org.apache.catalina.startup.VersionLoggerListener.log OS Name:               Mac OS X
09-Apr-2017 12:15:18.579 INFO [main] org.apache.catalina.startup.VersionLoggerListener.log OS Version:            10.11.6
09-Apr-2017 12:15:18.579 INFO [main] org.apache.catalina.startup.VersionLoggerListener.log Architecture:          x86_64
09-Apr-2017 12:15:18.579 INFO [main] org.apache.catalina.startup.VersionLoggerListener.log Java Home:             /Library/Java/JavaVirtualMachines/jdk1.8.0_77.jdk/Contents/Home/jre
09-Apr-2017 12:15:18.579 INFO [main] org.apache.catalina.startup.VersionLoggerListener.log JVM Version:           1.8.0_77-b03
09-Apr-2017 12:15:18.579 INFO [main] org.apache.catalina.startup.VersionLoggerListener.log JVM Vendor:            Oracle Corporation
09-Apr-2017 12:15:18.579 INFO [main] org.apache.catalina.startup.VersionLoggerListener.log CATALINA_BASE:         /Users/sasikumaranandan/Downloads/atlassian-jira-software-7.3.4-standalone
09-Apr-2017 12:15:18.582 INFO [main] org.apache.catalina.startup.VersionLoggerListener.log CATALINA_HOME:         /Users/sasikumaranandan/Downloads/atlassian-jira-software-7.3.4-standalone
09-Apr-2017 12:15:18.582 INFO [main] org.apache.catalina.startup.VersionLoggerListener.log Command line argument: -Djava.util.logging.config.file=/Users/sasikumaranandan/Downloads/atlassian-jira-software-7.3.4-standalone/conf/logging.properties
09-Apr-2017 12:15:18.583 INFO [main] org.apache.catalina.startup.VersionLoggerListener.log Command line argument: -Djava.util.logging.manager=org.apache.juli.ClassLoaderLogManager
09-Apr-2017 12:15:18.583 INFO [main] org.apache.catalina.startup.VersionLoggerListener.log Command line argument: -Xms384m
09-Apr-2017 12:15:18.583 INFO [main] org.apache.catalina.startup.VersionLoggerListener.log Command line argument: -Xmx768m
09-Apr-2017 12:15:18.583 INFO [main] org.apache.catalina.startup.VersionLoggerListener.log Command line argument: -Djava.awt.headless=true
09-Apr-2017 12:15:18.583 INFO [main] org.apache.catalina.startup.VersionLoggerListener.log Command line argument: -Datlassian.standalone=JIRA
09-Apr-2017 12:15:18.583 INFO [main] org.apache.catalina.startup.VersionLoggerListener.log Command line argument: -Dorg.apache.jasper.runtime.BodyContentImpl.LIMIT_BUFFER=true
09-Apr-2017 12:15:18.584 INFO [main] org.apache.catalina.startup.VersionLoggerListener.log Command line argument: -Dmail.mime.decodeparameters=true
09-Apr-2017 12:15:18.584 INFO [main] org.apache.catalina.startup.VersionLoggerListener.log Command line argument: -Dorg.dom4j.factory=com.atlassian.core.xml.InterningDocumentFactory
09-Apr-2017 12:15:18.584 INFO [main] org.apache.catalina.startup.VersionLoggerListener.log Command line argument: -XX:+PrintGCDateStamps
09-Apr-2017 12:15:18.584 INFO [main] org.apache.catalina.startup.VersionLoggerListener.log Command line argument: -XX:-OmitStackTraceInFastThrow
09-Apr-2017 12:15:18.584 INFO [main] org.apache.catalina.startup.VersionLoggerListener.log Command line argument: -Djdk.tls.ephemeralDHKeySize=2048
09-Apr-2017 12:15:18.584 INFO [main] org.apache.catalina.startup.VersionLoggerListener.log Command line argument: -Djava.protocol.handler.pkgs=org.apache.catalina.webresources
09-Apr-2017 12:15:18.584 INFO [main] org.apache.catalina.startup.VersionLoggerListener.log Command line argument: -Dcatalina.base=/Users/sasikumaranandan/Downloads/atlassian-jira-software-7.3.4-standalone
09-Apr-2017 12:15:18.585 INFO [main] org.apache.catalina.startup.VersionLoggerListener.log Command line argument: -Dcatalina.home=/Users/sasikumaranandan/Downloads/atlassian-jira-software-7.3.4-standalone
09-Apr-2017 12:15:18.585 INFO [main] org.apache.catalina.startup.VersionLoggerListener.log Command line argument: -Djava.io.tmpdir=/Users/sasikumaranandan/Downloads/atlassian-jira-software-7.3.4-standalone/temp
09-Apr-2017 12:15:18.585 INFO [main] org.apache.catalina.core.AprLifecycleListener.lifecycleEvent The APR based Apache Tomcat Native library which allows optimal performance in production environments was not found on the java.library.path: /Users/sasikumaranandan/Library/Java/Extensions:/Library/Java/Extensions:/Network/Library/Java/Extensions:/System/Library/Java/Extensions:/usr/lib/java:.
09-Apr-2017 12:15:18.806 INFO [main] org.apache.coyote.AbstractProtocol.init Initializing ProtocolHandler ["http-nio-8080"]
09-Apr-2017 12:15:18.821 INFO [main] org.apache.catalina.startup.Catalina.load Initialization processed in 811 ms
09-Apr-2017 12:15:18.843 INFO [main] org.apache.catalina.core.StandardService.startInternal Starting service Catalina
09-Apr-2017 12:15:18.843 INFO [main] org.apache.catalina.core.StandardEngine.startInternal Starting Servlet Engine: Apache Tomcat/8.5.6
2017-04-09 12:15:28,118 localhost-startStop-1 INFO      [c.a.jira.startup.JiraHomeStartupCheck] The jira.home directory '/Users/sasikumaranandan/jira_home' is validated and locked for exclusive use by this instance.
2017-04-09 12:15:28,270 JIRA-Bootstrap INFO      [c.a.jira.startup.JiraStartupLogger] 
    
    ****************
    JIRA starting...
    ****************
    
2017-04-09 12:15:28,500 JIRA-Bootstrap INFO      [c.a.jira.startup.JiraStartupLogger] 
    
    ___ Environment _____________________________
    
         JIRA Build                                    : 7.3.4#73015-sha1:a262b3457b3605f12635df4b0a0c3dc71d631a1e
         Build Date                                    : Wed Mar 29 00:00:00 EDT 2017
         JIRA Installation Type                        : Standalone
         Application Server                            : Apache Tomcat/8.5.6 - Servlet API 3.1
         Java Version                                  : 1.8.0_77 - Oracle Corporation
         Current Working Directory                     : /Users/sasikumaranandan/Downloads/atlassian-jira-software-7.3.4-standalone/bin
         Maximum Allowable Memory                      : 683MB
         Total Memory                                  : 483MB
         Free Memory                                   : 440MB
         Used Memory                                   : 43MB
         Memory Pool: Code Cache                       : Code Cache: init = 2555904(2496K) used = 8628032(8425K) committed = 8781824(8576K) max = 251658240(245760K)
         Memory Pool: Metaspace                        : Metaspace: init = 0(0K) used = 21572552(21066K) committed = 22151168(21632K) max = -1(-1K)
         Memory Pool: Compressed Class Space           : Compressed Class Space: init = 0(0K) used = 2511256(2452K) committed = 2752512(2688K) max = 1073741824(1048576K)
         Memory Pool: PS Eden Space                    : PS Eden Space: init = 100663296(98304K) used = 20642984(20159K) committed = 208666624(203776K) max = 209190912(204288K)
         Memory Pool: PS Survivor Space                : PS Survivor Space: init = 16777216(16384K) used = 0(0K) committed = 29360128(28672K) max = 29360128(28672K)
         Memory Pool: PS Old Gen                       : PS Old Gen: init = 268435456(262144K) used = 24075952(23511K) committed = 268435456(262144K) max = 536870912(524288K)
         JVM Input Arguments                           : -Djava.util.logging.config.file=/Users/sasikumaranandan/Downloads/atlassian-jira-software-7.3.4-standalone/conf/logging.properties -Djava.util.logging.manager=org.apache.juli.ClassLoaderLogManager -Xms384m -Xmx768m -Djava.awt.headless=true -Datlassian.standalone=JIRA -Dorg.apache.jasper.runtime.BodyContentImpl.LIMIT_BUFFER=true -Dmail.mime.decodeparameters=true -Dorg.dom4j.factory=com.atlassian.core.xml.InterningDocumentFactory -XX:+PrintGCDateStamps -XX:-OmitStackTraceInFastThrow -Djdk.tls.ephemeralDHKeySize=2048 -Djava.protocol.handler.pkgs=org.apache.catalina.webresources -Dcatalina.base=/Users/sasikumaranandan/Downloads/atlassian-jira-software-7.3.4-standalone -Dcatalina.home=/Users/sasikumaranandan/Downloads/atlassian-jira-software-7.3.4-standalone -Djava.io.tmpdir=/Users/sasikumaranandan/Downloads/atlassian-jira-software-7.3.4-standalone/temp
         Java Compatibility Information                : JIRA version = 7.3.4, Java Version = 1.8.0_77
    
    ___ Java System Properties _________________
    
         atlassian.standalone                          : JIRA
         awt.toolkit                                   : sun.lwawt.macosx.LWCToolkit
         catalina.base                                 : /Users/sasikumaranandan/Downloads/atlassian-jira-software-7.3.4-standalone
         catalina.home                                 : /Users/sasikumaranandan/Downloads/atlassian-jira-software-7.3.4-standalone
         catalina.useNaming                            : true
         common.loader                                 : "${catalina.base}/lib",
                                                         "${catalina.base}/lib/*.jar",
                                                         "${catalina.home}/lib",
                                                         "${catalina.home}/lib/*.jar"
         file.encoding                                 : UTF-8
         file.encoding.pkg                             : sun.io
         ftp.nonProxyHosts                             : local|*.local|169.254/16|*.169.254/16
         gopherProxySet                                : false
         http.nonProxyHosts                            : local|*.local|169.254/16|*.169.254/16
         java.awt.graphicsenv                          : sun.awt.CGraphicsEnvironment
         java.awt.headless                             : true
         java.awt.printerjob                           : sun.lwawt.macosx.CPrinterJob
         java.class.version                            : 52.0
         java.home                                     : /Library/Java/JavaVirtualMachines/jdk1.8.0_77.jdk/Contents/Home/jre
         java.io.tmpdir                                : /Users/sasikumaranandan/Downloads/atlassian-jira-software-7.3.4-standalone/temp
         java.naming.factory.initial                   : org.apache.naming.java.javaURLContextFactory
         java.naming.factory.url.pkgs                  : org.apache.naming
         java.protocol.handler.pkgs                    : org.apache.catalina.webresources
         java.runtime.name                             : Java(TM) SE Runtime Environment
         java.runtime.version                          : 1.8.0_77-b03
         java.specification.name                       : Java Platform API Specification
         java.specification.vendor                     : Oracle Corporation
         java.specification.version                    : 1.8
         java.util.logging.config.file                 : /Users/sasikumaranandan/Downloads/atlassian-jira-software-7.3.4-standalone/conf/logging.properties
         java.util.logging.manager                     : org.apache.juli.ClassLoaderLogManager
         java.vendor                                   : Oracle Corporation
         java.vendor.url                               : http://java.oracle.com/
         java.vendor.url.bug                           : http://bugreport.sun.com/bugreport/
         java.version                                  : 1.8.0_77
         java.vm.info                                  : mixed mode
         java.vm.name                                  : Java HotSpot(TM) 64-Bit Server VM
         java.vm.specification.name                    : Java Virtual Machine Specification
         java.vm.specification.vendor                  : Oracle Corporation
         java.vm.specification.version                 : 1.8
         java.vm.vendor                                : Oracle Corporation
         java.vm.version                               : 25.77-b03
         jdk.tls.ephemeralDHKeySize                    : 2048
         mail.mime.decodeparameters                    : true
         org.apache.jasper.runtime.BodyContentImpl.LIMIT_BUFFER : true
         org.dom4j.factory                             : com.atlassian.core.xml.InterningDocumentFactory
         os.arch                                       : x86_64
         os.name                                       : Mac OS X
         os.version                                    : 10.11.6
         package.access                                : sun.,
                                                         org.apache.catalina.,
                                                         org.apache.coyote.,
                                                         org.apache.jasper.,
                                                         org.apache.tomcat.
         package.definition                            : sun.,
                                                         java.,
                                                         org.apache.catalina.,
                                                         org.apache.coyote.,
                                                         org.apache.jasper.,
                                                         org.apache.naming.,
                                                         org.apache.tomcat.
         server.loader                                 : 
         shared.loader                                 : 
         socksNonProxyHosts                            : local|*.local|169.254/16|*.169.254/16
         sun.arch.data.model                           : 64
         sun.boot.library.path                         : /Library/Java/JavaVirtualMachines/jdk1.8.0_77.jdk/Contents/Home/jre/lib
         sun.cpu.endian                                : little
         sun.cpu.isalist                               : 
         sun.io.unicode.encoding                       : UnicodeBig
         sun.java.command                              : org.apache.catalina.startup.Bootstrap start
         sun.java.launcher                             : SUN_STANDARD
         sun.jnu.encoding                              : UTF-8
         sun.management.compiler                       : HotSpot 64-Bit Tiered Compilers
         sun.os.patch.level                            : unknown
         tomcat.util.buf.StringCache.byte.enabled      : true
         tomcat.util.scan.StandardJarScanFilter.jarsToScan : log4j-web*.jar,
                                                         log4j-taglib*.jar,
                                                         log4javascript*.jar,
                                                         slf4j-taglib*.jar
         tomcat.util.scan.StandardJarScanFilter.jarsToSkip : bootstrap.jar,
                                                         commons-daemon.jar,
                                                         tomcat-juli.jar,
                                                         annotations-api.jar,
                                                         el-api.jar,
                                                         jsp-api.jar,
                                                         servlet-api.jar,
                                                         websocket-api.jar,
                                                         jaspic-api.jar,
                                                         catalina.jar,
                                                         catalina-ant.jar,
                                                         catalina-ha.jar,
                                                         catalina-storeconfig.jar,
                                                         catalina-tribes.jar,
                                                         jasper.jar,
                                                         jasper-el.jar,
                                                         ecj-*.jar,
                                                         tomcat-api.jar,
                                                         tomcat-util.jar,
                                                         tomcat-util-scan.jar,
                                                         tomcat-coyote.jar,
                                                         tomcat-dbcp.jar,
                                                         tomcat-jni.jar,
                                                         tomcat-websocket.jar,
                                                         tomcat-i18n-en.jar,
                                                         tomcat-i18n-es.jar,
                                                         tomcat-i18n-fr.jar,
                                                         tomcat-i18n-ja.jar,
                                                         tomcat-juli-adapters.jar,
                                                         catalina-jmx-remote.jar,
                                                         catalina-ws.jar,
                                                         tomcat-jdbc.jar,
                                                         tools.jar,
                                                         commons-beanutils*.jar,
                                                         commons-codec*.jar,
                                                         commons-collections*.jar,
                                                         commons-dbcp*.jar,
                                                         commons-digester*.jar,
                                                         commons-fileupload*.jar,
                                                         commons-httpclient*.jar,
                                                         commons-io*.jar,
                                                         commons-lang*.jar,
                                                         commons-logging*.jar,
                                                         commons-math*.jar,
                                                         commons-pool*.jar,
                                                         jstl.jar,
                                                         taglibs-standard-spec-*.jar,
                                                         geronimo-spec-jaxrpc*.jar,
                                                         wsdl4j*.jar,
                                                         ant.jar,
                                                         ant-junit*.jar,
                                                         aspectj*.jar,
                                                         jmx.jar,
                                                         h2*.jar,
                                                         hibernate*.jar,
                                                         httpclient*.jar,
                                                         jmx-tools.jar,
                                                         jta*.jar,
                                                         log4j*.jar,
                                                         mail*.jar,
                                                         slf4j*.jar,
                                                         xercesImpl.jar,
                                                         xmlParserAPIs.jar,
                                                         xml-apis.jar,
                                                         junit.jar,
                                                         junit-*.jar,
                                                         hamcrest-*.jar,
                                                         easymock-*.jar,
                                                         cglib-*.jar,
                                                         objenesis-*.jar,
                                                         ant-launcher.jar,
                                                         cobertura-*.jar,
                                                         asm-*.jar,
                                                         dom4j-*.jar,
                                                         icu4j-*.jar,
                                                         jaxen-*.jar,
                                                         jdom-*.jar,
                                                         jetty-*.jar,
                                                         oro-*.jar,
                                                         servlet-api-*.jar,
                                                         tagsoup-*.jar,
                                                         xmlParserAPIs-*.jar,
                                                         xom-*.jar
         user.country                                  : US
         user.dir                                      : /Users/sasikumaranandan/Downloads/atlassian-jira-software-7.3.4-standalone/bin
         user.home                                     : /Users/sasikumaranandan
         user.language                                 : en
         user.name                                     : sasikumaranandan
         user.timezone                                 : America/New_York
    
09-Apr-2017 12:15:28.820 INFO [main] org.apache.coyote.AbstractProtocol.start Starting ProtocolHandler [http-nio-8080]
09-Apr-2017 12:15:28.860 INFO [main] org.apache.tomcat.util.net.NioSelectorPool.getSharedSelector Using a shared selector for servlet write/read
09-Apr-2017 12:15:28.874 INFO [main] org.apache.catalina.startup.Catalina.start Server startup in 10049 ms
2017-04-09 12:15:28,968 JIRA-Bootstrap INFO      [c.a.j.config.database.SystemDatabaseConfigurationLoader] Reading database configuration from /Users/sasikumaranandan/jira_home/dbconfig.xml
2017-04-09 12:15:29,538 http-nio-8080-exec-1 ERROR anonymous 735x1x1 - 0:0:0:0:0:0:0:1 / [c.atlassian.instrumentation.Instrument] Unable to snapshot thread local operations (implementation of OpTimerFactory is not a ThreadLocalOpTimerFactory): null
2017-04-09 12:15:30,784 JIRA-Bootstrap INFO      [c.a.j.config.database.SystemDatabaseConfigurationLoader] Reading database configuration from /Users/sasikumaranandan/jira_home/dbconfig.xml
2017-04-09 12:15:30,790 JIRA-Bootstrap INFO      [c.a.jira.startup.JiraStartupLogger] 
    
    ___ Starting the JIRA Plugin System _________________
    
2017-04-09 12:15:30,791 JIRA-Bootstrap INFO      [c.a.plugin.manager.DefaultPluginManager] Plugin system earlyStartup begun
2017-04-09 12:15:36,428 JIRA-Bootstrap INFO      [c.a.plugin.loaders.ScanningPluginLoader] No plugins found to be deployed
2017-04-09 12:15:37,116 ThreadPoolAsyncTaskExecutor::Thread 3 WARN      [c.a.p.s.scanner.util.ProductFilterUtil] Couldn't detect product, will use ProductFilter.ALL
2017-04-09 12:15:37,289 JIRA-Bootstrap INFO      [c.a.plugin.util.WaitUntil] Plugins that have yet to be enabled: (2): [com.atlassian.jira.jira-less-integration, com.atlassian.soy.soy-template-plugin], 60 seconds remaining
2017-04-09 12:15:38,592 JIRA-Bootstrap INFO      [c.a.plugin.manager.DefaultPluginManager] Plugin system earlyStartup ended
2017-04-09 12:15:38,890 JIRA-Bootstrap INFO      [c.a.j.config.database.SystemDatabaseConfigurationLoader] Reading database configuration from /Users/sasikumaranandan/jira_home/dbconfig.xml
2017-04-09 12:15:38,942 JIRA-Bootstrap INFO      [c.a.j.instrumentation.external.DatabaseExternalGauges] Installing DBCP monitoring instruments: DatabaseExternalGauges.JiraDbcpInstruments[instruments=[DBCP_MAX, DBCP_ACTIVE, DBCP_IDLE],objectName=com.atlassian.jira:name=BasicDataSource]
2017-04-09 12:15:39,060 JIRA-Bootstrap INFO      [c.a.jira.startup.JiraStartupLogger] Running JIRA startup checks.
2017-04-09 12:15:39,064 JIRA-Bootstrap INFO      [c.a.jira.startup.JiraStartupLogger] JIRA pre-database startup checks completed successfully.
2017-04-09 12:15:39,197 JIRA-Bootstrap INFO      [c.a.j.config.database.DatabaseConfigurationManagerImpl] The database is not yet configured. Enqueuing Database Checklist Launcher on post-database-configured-but-pre-database-activated queue
2017-04-09 12:15:39,198 JIRA-Bootstrap INFO      [c.a.j.config.database.DatabaseConfigurationManagerImpl] The database is not yet configured. Enqueuing Post database-configuration launchers on post-database-activated queue
2017-04-09 12:15:39,207 JIRA-Bootstrap INFO      [c.a.jira.startup.LauncherContextListener] Memory Usage:
    ---------------------------------------------------------------------------------
      Heap memory     :  Used:  151 MiB.  Committed:  482 MiB.  Max:  739 MiB
      Non-heap memory :  Used:   69 MiB.  Committed:   71 MiB.  Max: 1264 MiB
    ---------------------------------------------------------------------------------
      TOTAL           :  Used:  219 MiB.  Committed:  552 MiB.  Max: 2003 MiB
    ---------------------------------------------------------------------------------
09-Apr-2017 12:21:12.993 INFO [main] org.apache.catalina.core.StandardServer.await A valid shutdown command was received via the shutdown port. Stopping the Server instance.
09-Apr-2017 12:21:12.994 INFO [main] org.apache.coyote.AbstractProtocol.pause Pausing ProtocolHandler ["http-nio-8080"]
09-Apr-2017 12:21:13.053 INFO [main] org.apache.catalina.core.StandardService.stopInternal Stopping service Catalina
2017-04-09 12:21:13,094 localhost-startStop-2 INFO      [c.a.jira.startup.DefaultJiraLauncher] Stopping launchers
2017-04-09 12:21:13,099 localhost-startStop-2 ERROR      [o.a.c.c.C.[Catalina].[localhost].[/]] Exception sending context destroyed event to listener instance of class com.atlassian.jira.startup.LauncherContextListener
java.lang.NullPointerException
	at com.atlassian.jira.startup.ClusteringLauncher.stop(ClusteringLauncher.java:48)
	at com.atlassian.jira.startup.DefaultJiraLauncher.stop(DefaultJiraLauncher.java:209)
	at com.atlassian.jira.startup.LauncherContextListener.contextDestroyed(LauncherContextListener.java:195)
	at org.apache.catalina.core.StandardContext.listenerStop(StandardContext.java:4774)
	at org.apache.catalina.core.StandardContext.stopInternal(StandardContext.java:5411)
	... 3 filtered
	at java.util.concurrent.FutureTask.run(FutureTask.java:266)
	at java.util.concurrent.ThreadPoolExecutor.runWorker(ThreadPoolExecutor.java:1142)
	at java.util.concurrent.ThreadPoolExecutor$Worker.run(ThreadPoolExecutor.java:617)
	at java.lang.Thread.run(Thread.java:745)
09-Apr-2017 12:21:13.143 SEVERE [localhost-startStop-2] org.apache.catalina.loader.WebappClassLoaderBase.checkThreadLocalMapForLeaks The web application [ROOT] created a ThreadLocal with key of type [java.lang.ThreadLocal] (value [java.lang.ThreadLocal@681fb317]) and a value of type [com.atlassian.jira.issue.index.SearcherCache] (value [com.atlassian.jira.issue.index.SearcherCache@3e39fa84]) but failed to remove it when the web application was stopped. Threads are going to be renewed over time to try and avoid a probable memory leak.
09-Apr-2017 12:21:13.145 SEVERE [localhost-startStop-2] org.apache.catalina.loader.WebappClassLoaderBase.checkThreadLocalMapForLeaks The web application [ROOT] created a ThreadLocal with key of type [java.lang.ThreadLocal] (value [java.lang.ThreadLocal@269053d7]) and a value of type [com.atlassian.jira.tenancy.JiraTenantImpl] (value [JiraTenantImpl{id='fakeTenantId'}]) but failed to remove it when the web application was stopped. Threads are going to be renewed over time to try and avoid a probable memory leak.
09-Apr-2017 12:21:13.147 SEVERE [localhost-startStop-2] org.apache.catalina.loader.WebappClassLoaderBase.checkThreadLocalMapForLeaks The web application [ROOT] created a ThreadLocal with key of type [org.picocontainer.DefaultPicoContainer.IntoThreadLocal] (value [org.picocontainer.DefaultPicoContainer$IntoThreadLocal@174c364]) and a value of type [java.lang.Class] (value [class org.picocontainer.ComponentAdapter$NOTHING]) but failed to remove it when the web application was stopped. Threads are going to be renewed over time to try and avoid a probable memory leak.
09-Apr-2017 12:21:13.147 SEVERE [localhost-startStop-2] org.apache.catalina.loader.WebappClassLoaderBase.checkThreadLocalMapForLeaks The web application [ROOT] created a ThreadLocal with key of type [webwork.action.ActionContext$1] (value [webwork.action.ActionContext$1@25de3676]) and a value of type [webwork.action.ActionContext] (value [webwork.action.ActionContext@11e4842e]) but failed to remove it when the web application was stopped. Threads are going to be renewed over time to try and avoid a probable memory leak.
09-Apr-2017 12:21:13.147 SEVERE [localhost-startStop-2] org.apache.catalina.loader.WebappClassLoaderBase.checkThreadLocalMapForLeaks The web application [ROOT] created a ThreadLocal with key of type [java.lang.ThreadLocal] (value [java.lang.ThreadLocal@681fb317]) and a value of type [com.atlassian.jira.issue.index.SearcherCache] (value [com.atlassian.jira.issue.index.SearcherCache@45e4232e]) but failed to remove it when the web application was stopped. Threads are going to be renewed over time to try and avoid a probable memory leak.
09-Apr-2017 12:21:13.148 SEVERE [localhost-startStop-2] org.apache.catalina.loader.WebappClassLoaderBase.checkThreadLocalMapForLeaks The web application [ROOT] created a ThreadLocal with key of type [java.lang.ThreadLocal] (value [java.lang.ThreadLocal@269053d7]) and a value of type [com.atlassian.jira.tenancy.JiraTenantImpl] (value [JiraTenantImpl{id='fakeTenantId'}]) but failed to remove it when the web application was stopped. Threads are going to be renewed over time to try and avoid a probable memory leak.
09-Apr-2017 12:21:13.148 SEVERE [localhost-startStop-2] org.apache.catalina.loader.WebappClassLoaderBase.checkThreadLocalMapForLeaks The web application [ROOT] created a ThreadLocal with key of type [org.picocontainer.DefaultPicoContainer.IntoThreadLocal] (value [org.picocontainer.DefaultPicoContainer$IntoThreadLocal@174c364]) and a value of type [java.lang.Class] (value [class org.picocontainer.ComponentAdapter$NOTHING]) but failed to remove it when the web application was stopped. Threads are going to be renewed over time to try and avoid a probable memory leak.
09-Apr-2017 12:21:13.148 SEVERE [localhost-startStop-2] org.apache.catalina.loader.WebappClassLoaderBase.checkThreadLocalMapForLeaks The web application [ROOT] created a ThreadLocal with key of type [webwork.action.ActionContext$1] (value [webwork.action.ActionContext$1@25de3676]) and a value of type [webwork.action.ActionContext] (value [webwork.action.ActionContext@62acb715]) but failed to remove it when the web application was stopped. Threads are going to be renewed over time to try and avoid a probable memory leak.
09-Apr-2017 12:21:13.148 SEVERE [localhost-startStop-2] org.apache.catalina.loader.WebappClassLoaderBase.checkThreadLocalMapForLeaks The web application [ROOT] created a ThreadLocal with key of type [java.lang.ThreadLocal] (value [java.lang.ThreadLocal@681fb317]) and a value of type [com.atlassian.jira.issue.index.SearcherCache] (value [com.atlassian.jira.issue.index.SearcherCache@361540b0]) but failed to remove it when the web application was stopped. Threads are going to be renewed over time to try and avoid a probable memory leak.
09-Apr-2017 12:21:13.148 SEVERE [localhost-startStop-2] org.apache.catalina.loader.WebappClassLoaderBase.checkThreadLocalMapForLeaks The web application [ROOT] created a ThreadLocal with key of type [java.lang.ThreadLocal] (value [java.lang.ThreadLocal@269053d7]) and a value of type [com.atlassian.jira.tenancy.JiraTenantImpl] (value [JiraTenantImpl{id='fakeTenantId'}]) but failed to remove it when the web application was stopped. Threads are going to be renewed over time to try and avoid a probable memory leak.
09-Apr-2017 12:21:13.148 SEVERE [localhost-startStop-2] org.apache.catalina.loader.WebappClassLoaderBase.checkThreadLocalMapForLeaks The web application [ROOT] created a ThreadLocal with key of type [webwork.action.ActionContext$1] (value [webwork.action.ActionContext$1@25de3676]) and a value of type [webwork.action.ActionContext] (value [webwork.action.ActionContext@3e577a8]) but failed to remove it when the web application was stopped. Threads are going to be renewed over time to try and avoid a probable memory leak.
09-Apr-2017 12:21:13.149 SEVERE [localhost-startStop-2] org.apache.catalina.loader.WebappClassLoaderBase.checkThreadLocalMapForLeaks The web application [ROOT] created a ThreadLocal with key of type [java.lang.ThreadLocal] (value [java.lang.ThreadLocal@681fb317]) and a value of type [com.atlassian.jira.issue.index.SearcherCache] (value [com.atlassian.jira.issue.index.SearcherCache@606fce5c]) but failed to remove it when the web application was stopped. Threads are going to be renewed over time to try and avoid a probable memory leak.
09-Apr-2017 12:21:13.150 SEVERE [localhost-startStop-2] org.apache.catalina.loader.WebappClassLoaderBase.checkThreadLocalMapForLeaks The web application [ROOT] created a ThreadLocal with key of type [java.lang.ThreadLocal] (value [java.lang.ThreadLocal@269053d7]) and a value of type [com.atlassian.jira.tenancy.JiraTenantImpl] (value [JiraTenantImpl{id='fakeTenantId'}]) but failed to remove it when the web application was stopped. Threads are going to be renewed over time to try and avoid a probable memory leak.
09-Apr-2017 12:21:13.150 SEVERE [localhost-startStop-2] org.apache.catalina.loader.WebappClassLoaderBase.checkThreadLocalMapForLeaks The web application [ROOT] created a ThreadLocal with key of type [webwork.action.ActionContext$1] (value [webwork.action.ActionContext$1@25de3676]) and a value of type [webwork.action.ActionContext] (value [webwork.action.ActionContext@7ce31221]) but failed to remove it when the web application was stopped. Threads are going to be renewed over time to try and avoid a probable memory leak.
09-Apr-2017 12:21:13.150 SEVERE [localhost-startStop-2] org.apache.catalina.loader.WebappClassLoaderBase.checkThreadLocalMapForLeaks The web application [ROOT] created a ThreadLocal with key of type [java.lang.ThreadLocal] (value [java.lang.ThreadLocal@681fb317]) and a value of type [com.atlassian.jira.issue.index.SearcherCache] (value [com.atlassian.jira.issue.index.SearcherCache@54936222]) but failed to remove it when the web application was stopped. Threads are going to be renewed over time to try and avoid a probable memory leak.
09-Apr-2017 12:21:13.151 SEVERE [localhost-startStop-2] org.apache.catalina.loader.WebappClassLoaderBase.checkThreadLocalMapForLeaks The web application [ROOT] created a ThreadLocal with key of type [java.lang.ThreadLocal] (value [java.lang.ThreadLocal@269053d7]) and a value of type [com.atlassian.jira.tenancy.JiraTenantImpl] (value [JiraTenantImpl{id='fakeTenantId'}]) but failed to remove it when the web application was stopped. Threads are going to be renewed over time to try and avoid a probable memory leak.
09-Apr-2017 12:21:13.151 SEVERE [localhost-startStop-2] org.apache.catalina.loader.WebappClassLoaderBase.checkThreadLocalMapForLeaks The web application [ROOT] created a ThreadLocal with key of type [webwork.action.ActionContext$1] (value [webwork.action.ActionContext$1@25de3676]) and a value of type [webwork.action.ActionContext] (value [webwork.action.ActionContext@55a3d888]) but failed to remove it when the web application was stopped. Threads are going to be renewed over time to try and avoid a probable memory leak.
09-Apr-2017 12:21:13.151 SEVERE [localhost-startStop-2] org.apache.catalina.loader.WebappClassLoaderBase.checkThreadLocalMapForLeaks The web application [ROOT] created a ThreadLocal with key of type [java.lang.ThreadLocal] (value [java.lang.ThreadLocal@681fb317]) and a value of type [com.atlassian.jira.issue.index.SearcherCache] (value [com.atlassian.jira.issue.index.SearcherCache@4ba0f14e]) but failed to remove it when the web application was stopped. Threads are going to be renewed over time to try and avoid a probable memory leak.
09-Apr-2017 12:21:13.151 SEVERE [localhost-startStop-2] org.apache.catalina.loader.WebappClassLoaderBase.checkThreadLocalMapForLeaks The web application [ROOT] created a ThreadLocal with key of type [java.lang.ThreadLocal] (value [java.lang.ThreadLocal@269053d7]) and a value of type [com.atlassian.jira.tenancy.JiraTenantImpl] (value [JiraTenantImpl{id='fakeTenantId'}]) but failed to remove it when the web application was stopped. Threads are going to be renewed over time to try and avoid a probable memory leak.
09-Apr-2017 12:21:13.152 SEVERE [localhost-startStop-2] org.apache.catalina.loader.WebappClassLoaderBase.checkThreadLocalMapForLeaks The web application [ROOT] created a ThreadLocal with key of type [webwork.action.ActionContext$1] (value [webwork.action.ActionContext$1@25de3676]) and a value of type [webwork.action.ActionContext] (value [webwork.action.ActionContext@2f368001]) but failed to remove it when the web application was stopped. Threads are going to be renewed over time to try and avoid a probable memory leak.
09-Apr-2017 12:21:13.152 SEVERE [localhost-startStop-2] org.apache.catalina.loader.WebappClassLoaderBase.checkThreadLocalMapForLeaks The web application [ROOT] created a ThreadLocal with key of type [java.lang.ThreadLocal] (value [java.lang.ThreadLocal@681fb317]) and a value of type [com.atlassian.jira.issue.index.SearcherCache] (value [com.atlassian.jira.issue.index.SearcherCache@60fb75b7]) but failed to remove it when the web application was stopped. Threads are going to be renewed over time to try and avoid a probable memory leak.
09-Apr-2017 12:21:13.152 SEVERE [localhost-startStop-2] org.apache.catalina.loader.WebappClassLoaderBase.checkThreadLocalMapForLeaks The web application [ROOT] created a ThreadLocal with key of type [java.lang.ThreadLocal] (value [java.lang.ThreadLocal@269053d7]) and a value of type [com.atlassian.jira.tenancy.JiraTenantImpl] (value [JiraTenantImpl{id='fakeTenantId'}]) but failed to remove it when the web application was stopped. Threads are going to be renewed over time to try and avoid a probable memory leak.
09-Apr-2017 12:21:13.152 SEVERE [localhost-startStop-2] org.apache.catalina.loader.WebappClassLoaderBase.checkThreadLocalMapForLeaks The web application [ROOT] created a ThreadLocal with key of type [webwork.action.ActionContext$1] (value [webwork.action.ActionContext$1@25de3676]) and a value of type [webwork.action.ActionContext] (value [webwork.action.ActionContext@2b5786b8]) but failed to remove it when the web application was stopped. Threads are going to be renewed over time to try and avoid a probable memory leak.
09-Apr-2017 12:21:13.152 SEVERE [localhost-startStop-2] org.apache.catalina.loader.WebappClassLoaderBase.checkThreadLocalMapForLeaks The web application [ROOT] created a ThreadLocal with key of type [java.lang.ThreadLocal] (value [java.lang.ThreadLocal@681fb317]) and a value of type [com.atlassian.jira.issue.index.SearcherCache] (value [com.atlassian.jira.issue.index.SearcherCache@67b1381d]) but failed to remove it when the web application was stopped. Threads are going to be renewed over time to try and avoid a probable memory leak.
09-Apr-2017 12:21:13.156 SEVERE [localhost-startStop-2] org.apache.catalina.loader.WebappClassLoaderBase.checkThreadLocalMapForLeaks The web application [ROOT] created a ThreadLocal with key of type [java.lang.ThreadLocal] (value [java.lang.ThreadLocal@269053d7]) and a value of type [com.atlassian.jira.tenancy.JiraTenantImpl] (value [JiraTenantImpl{id='fakeTenantId'}]) but failed to remove it when the web application was stopped. Threads are going to be renewed over time to try and avoid a probable memory leak.
09-Apr-2017 12:21:13.157 SEVERE [localhost-startStop-2] org.apache.catalina.loader.WebappClassLoaderBase.checkThreadLocalMapForLeaks The web application [ROOT] created a ThreadLocal with key of type [webwork.action.ActionContext$1] (value [webwork.action.ActionContext$1@25de3676]) and a value of type [webwork.action.ActionContext] (value [webwork.action.ActionContext@7c1c8a62]) but failed to remove it when the web application was stopped. Threads are going to be renewed over time to try and avoid a probable memory leak.
09-Apr-2017 12:21:13.158 SEVERE [localhost-startStop-2] org.apache.catalina.loader.WebappClassLoaderBase.checkThreadLocalMapForLeaks The web application [ROOT] created a ThreadLocal with key of type [java.lang.ThreadLocal] (value [java.lang.ThreadLocal@681fb317]) and a value of type [com.atlassian.jira.issue.index.SearcherCache] (value [com.atlassian.jira.issue.index.SearcherCache@47f10e9b]) but failed to remove it when the web application was stopped. Threads are going to be renewed over time to try and avoid a probable memory leak.
09-Apr-2017 12:21:13.158 SEVERE [localhost-startStop-2] org.apache.catalina.loader.WebappClassLoaderBase.checkThreadLocalMapForLeaks The web application [ROOT] created a ThreadLocal with key of type [java.lang.ThreadLocal] (value [java.lang.ThreadLocal@269053d7]) and a value of type [com.atlassian.jira.tenancy.JiraTenantImpl] (value [JiraTenantImpl{id='fakeTenantId'}]) but failed to remove it when the web application was stopped. Threads are going to be renewed over time to try and avoid a probable memory leak.
09-Apr-2017 12:21:13.159 SEVERE [localhost-startStop-2] org.apache.catalina.loader.WebappClassLoaderBase.checkThreadLocalMapForLeaks The web application [ROOT] created a ThreadLocal with key of type [webwork.action.ActionContext$1] (value [webwork.action.ActionContext$1@25de3676]) and a value of type [webwork.action.ActionContext] (value [webwork.action.ActionContext@5084229b]) but failed to remove it when the web application was stopped. Threads are going to be renewed over time to try and avoid a probable memory leak.
09-Apr-2017 12:21:13.159 SEVERE [localhost-startStop-2] org.apache.catalina.loader.WebappClassLoaderBase.checkThreadLocalMapForLeaks The web application [ROOT] created a ThreadLocal with key of type [java.lang.ThreadLocal] (value [java.lang.ThreadLocal@681fb317]) and a value of type [com.atlassian.jira.issue.index.SearcherCache] (value [com.atlassian.jira.issue.index.SearcherCache@3e1b8946]) but failed to remove it when the web application was stopped. Threads are going to be renewed over time to try and avoid a probable memory leak.
09-Apr-2017 12:21:13.159 SEVERE [localhost-startStop-2] org.apache.catalina.loader.WebappClassLoaderBase.checkThreadLocalMapForLeaks The web application [ROOT] created a ThreadLocal with key of type [java.lang.ThreadLocal] (value [java.lang.ThreadLocal@264c4b7d]) and a value of type [com.atlassian.jira.web.filters.ThreadLocalQueryProfiler] (value [com.atlassian.jira.web.filters.ThreadLocalQueryProfiler@69060cf9]) but failed to remove it when the web application was stopped. Threads are going to be renewed over time to try and avoid a probable memory leak.
09-Apr-2017 12:21:13.159 SEVERE [localhost-startStop-2] org.apache.catalina.loader.WebappClassLoaderBase.checkThreadLocalMapForLeaks The web application [ROOT] created a ThreadLocal with key of type [java.lang.ThreadLocal] (value [java.lang.ThreadLocal@269053d7]) and a value of type [com.atlassian.jira.tenancy.JiraTenantImpl] (value [JiraTenantImpl{id='fakeTenantId'}]) but failed to remove it when the web application was stopped. Threads are going to be renewed over time to try and avoid a probable memory leak.
09-Apr-2017 12:21:13.159 SEVERE [localhost-startStop-2] org.apache.catalina.loader.WebappClassLoaderBase.checkThreadLocalMapForLeaks The web application [ROOT] created a ThreadLocal with key of type [org.picocontainer.DefaultPicoContainer.IntoThreadLocal] (value [org.picocontainer.DefaultPicoContainer$IntoThreadLocal@174c364]) and a value of type [java.lang.Class] (value [class org.picocontainer.ComponentAdapter$NOTHING]) but failed to remove it when the web application was stopped. Threads are going to be renewed over time to try and avoid a probable memory leak.
09-Apr-2017 12:21:13.159 SEVERE [localhost-startStop-2] org.apache.catalina.loader.WebappClassLoaderBase.checkThreadLocalMapForLeaks The web application [ROOT] created a ThreadLocal with key of type [webwork.action.ActionContext$1] (value [webwork.action.ActionContext$1@25de3676]) and a value of type [webwork.action.ActionContext] (value [webwork.action.ActionContext@18e76bb8]) but failed to remove it when the web application was stopped. Threads are going to be renewed over time to try and avoid a probable memory leak.
09-Apr-2017 12:21:13.160 SEVERE [localhost-startStop-2] org.apache.catalina.loader.WebappClassLoaderBase.checkThreadLocalMapForLeaks The web application [ROOT] created a ThreadLocal with key of type [java.lang.ThreadLocal] (value [java.lang.ThreadLocal@681fb317]) and a value of type [com.atlassian.jira.issue.index.SearcherCache] (value [com.atlassian.jira.issue.index.SearcherCache@7ad4805b]) but failed to remove it when the web application was stopped. Threads are going to be renewed over time to try and avoid a probable memory leak.
09-Apr-2017 12:21:13.160 SEVERE [localhost-startStop-2] org.apache.catalina.loader.WebappClassLoaderBase.checkThreadLocalMapForLeaks The web application [ROOT] created a ThreadLocal with key of type [java.lang.ThreadLocal] (value [java.lang.ThreadLocal@264c4b7d]) and a value of type [com.atlassian.jira.web.filters.ThreadLocalQueryProfiler] (value [com.atlassian.jira.web.filters.ThreadLocalQueryProfiler@3e073bdf]) but failed to remove it when the web application was stopped. Threads are going to be renewed over time to try and avoid a probable memory leak.
09-Apr-2017 12:21:13.160 SEVERE [localhost-startStop-2] org.apache.catalina.loader.WebappClassLoaderBase.checkThreadLocalMapForLeaks The web application [ROOT] created a ThreadLocal with key of type [java.lang.ThreadLocal] (value [java.lang.ThreadLocal@269053d7]) and a value of type [com.atlassian.jira.tenancy.JiraTenantImpl] (value [JiraTenantImpl{id='fakeTenantId'}]) but failed to remove it when the web application was stopped. Threads are going to be renewed over time to try and avoid a probable memory leak.
09-Apr-2017 12:21:13.160 SEVERE [localhost-startStop-2] org.apache.catalina.loader.WebappClassLoaderBase.checkThreadLocalMapForLeaks The web application [ROOT] created a ThreadLocal with key of type [org.picocontainer.DefaultPicoContainer.IntoThreadLocal] (value [org.picocontainer.DefaultPicoContainer$IntoThreadLocal@174c364]) and a value of type [java.lang.Class] (value [class org.picocontainer.ComponentAdapter$NOTHING]) but failed to remove it when the web application was stopped. Threads are going to be renewed over time to try and avoid a probable memory leak.
09-Apr-2017 12:21:13.160 SEVERE [localhost-startStop-2] org.apache.catalina.loader.WebappClassLoaderBase.checkThreadLocalMapForLeaks The web application [ROOT] created a ThreadLocal with key of type [webwork.action.ActionContext$1] (value [webwork.action.ActionContext$1@25de3676]) and a value of type [webwork.action.ActionContext] (value [webwork.action.ActionContext@673f8922]) but failed to remove it when the web application was stopped. Threads are going to be renewed over time to try and avoid a probable memory leak.
09-Apr-2017 12:21:13.160 SEVERE [localhost-startStop-2] org.apache.catalina.loader.WebappClassLoaderBase.checkThreadLocalMapForLeaks The web application [ROOT] created a ThreadLocal with key of type [java.lang.ThreadLocal] (value [java.lang.ThreadLocal@681fb317]) and a value of type [com.atlassian.jira.issue.index.SearcherCache] (value [com.atlassian.jira.issue.index.SearcherCache@44a684d6]) but failed to remove it when the web application was stopped. Threads are going to be renewed over time to try and avoid a probable memory leak.
09-Apr-2017 12:21:13.160 SEVERE [localhost-startStop-2] org.apache.catalina.loader.WebappClassLoaderBase.checkThreadLocalMapForLeaks The web application [ROOT] created a ThreadLocal with key of type [java.lang.ThreadLocal] (value [java.lang.ThreadLocal@264c4b7d]) and a value of type [com.atlassian.jira.web.filters.ThreadLocalQueryProfiler] (value [com.atlassian.jira.web.filters.ThreadLocalQueryProfiler@1aae1241]) but failed to remove it when the web application was stopped. Threads are going to be renewed over time to try and avoid a probable memory leak.
09-Apr-2017 12:21:13.160 SEVERE [localhost-startStop-2] org.apache.catalina.loader.WebappClassLoaderBase.checkThreadLocalMapForLeaks The web application [ROOT] created a ThreadLocal with key of type [java.lang.ThreadLocal] (value [java.lang.ThreadLocal@269053d7]) and a value of type [com.atlassian.jira.tenancy.JiraTenantImpl] (value [JiraTenantImpl{id='fakeTenantId'}]) but failed to remove it when the web application was stopped. Threads are going to be renewed over time to try and avoid a probable memory leak.
09-Apr-2017 12:21:13.161 SEVERE [localhost-startStop-2] org.apache.catalina.loader.WebappClassLoaderBase.checkThreadLocalMapForLeaks The web application [ROOT] created a ThreadLocal with key of type [org.picocontainer.DefaultPicoContainer.IntoThreadLocal] (value [org.picocontainer.DefaultPicoContainer$IntoThreadLocal@174c364]) and a value of type [java.lang.Class] (value [class org.picocontainer.ComponentAdapter$NOTHING]) but failed to remove it when the web application was stopped. Threads are going to be renewed over time to try and avoid a probable memory leak.
09-Apr-2017 12:21:13.161 SEVERE [localhost-startStop-2] org.apache.catalina.loader.WebappClassLoaderBase.checkThreadLocalMapForLeaks The web application [ROOT] created a ThreadLocal with key of type [webwork.action.ActionContext$1] (value [webwork.action.ActionContext$1@25de3676]) and a value of type [webwork.action.ActionContext] (value [webwork.action.ActionContext@1df00b08]) but failed to remove it when the web application was stopped. Threads are going to be renewed over time to try and avoid a probable memory leak.
09-Apr-2017 12:21:13.161 SEVERE [localhost-startStop-2] org.apache.catalina.loader.WebappClassLoaderBase.checkThreadLocalMapForLeaks The web application [ROOT] created a ThreadLocal with key of type [java.lang.ThreadLocal] (value [java.lang.ThreadLocal@681fb317]) and a value of type [com.atlassian.jira.issue.index.SearcherCache] (value [com.atlassian.jira.issue.index.SearcherCache@69df70d]) but failed to remove it when the web application was stopped. Threads are going to be renewed over time to try and avoid a probable memory leak.
09-Apr-2017 12:21:13.161 SEVERE [localhost-startStop-2] org.apache.catalina.loader.WebappClassLoaderBase.checkThreadLocalMapForLeaks The web application [ROOT] created a ThreadLocal with key of type [java.lang.ThreadLocal] (value [java.lang.ThreadLocal@264c4b7d]) and a value of type [com.atlassian.jira.web.filters.ThreadLocalQueryProfiler] (value [com.atlassian.jira.web.filters.ThreadLocalQueryProfiler@76ed533c]) but failed to remove it when the web application was stopped. Threads are going to be renewed over time to try and avoid a probable memory leak.
09-Apr-2017 12:21:13.161 SEVERE [localhost-startStop-2] org.apache.catalina.loader.WebappClassLoaderBase.checkThreadLocalMapForLeaks The web application [ROOT] created a ThreadLocal with key of type [webwork.action.ActionContext$1] (value [webwork.action.ActionContext$1@25de3676]) and a value of type [webwork.action.ActionContext] (value [webwork.action.ActionContext@1cbb7bba]) but failed to remove it when the web application was stopped. Threads are going to be renewed over time to try and avoid a probable memory leak.
09-Apr-2017 12:21:13.161 SEVERE [localhost-startStop-2] org.apache.catalina.loader.WebappClassLoaderBase.checkThreadLocalMapForLeaks The web application [ROOT] created a ThreadLocal with key of type [java.lang.ThreadLocal] (value [java.lang.ThreadLocal@269053d7]) and a value of type [com.atlassian.jira.tenancy.JiraTenantImpl] (value [JiraTenantImpl{id='fakeTenantId'}]) but failed to remove it when the web application was stopped. Threads are going to be renewed over time to try and avoid a probable memory leak.
09-Apr-2017 12:21:13.162 SEVERE [localhost-startStop-2] org.apache.catalina.loader.WebappClassLoaderBase.checkThreadLocalMapForLeaks The web application [ROOT] created a ThreadLocal with key of type [org.picocontainer.DefaultPicoContainer.IntoThreadLocal] (value [org.picocontainer.DefaultPicoContainer$IntoThreadLocal@174c364]) and a value of type [java.lang.Class] (value [class org.picocontainer.ComponentAdapter$NOTHING]) but failed to remove it when the web application was stopped. Threads are going to be renewed over time to try and avoid a probable memory leak.
09-Apr-2017 12:21:13.162 SEVERE [localhost-startStop-2] org.apache.catalina.loader.WebappClassLoaderBase.checkThreadLocalMapForLeaks The web application [ROOT] created a ThreadLocal with key of type [java.lang.ThreadLocal] (value [java.lang.ThreadLocal@681fb317]) and a value of type [com.atlassian.jira.issue.index.SearcherCache] (value [com.atlassian.jira.issue.index.SearcherCache@10e9b6e]) but failed to remove it when the web application was stopped. Threads are going to be renewed over time to try and avoid a probable memory leak.
09-Apr-2017 12:21:13.162 SEVERE [localhost-startStop-2] org.apache.catalina.loader.WebappClassLoaderBase.checkThreadLocalMapForLeaks The web application [ROOT] created a ThreadLocal with key of type [java.lang.ThreadLocal] (value [java.lang.ThreadLocal@269053d7]) and a value of type [com.atlassian.jira.tenancy.JiraTenantImpl] (value [JiraTenantImpl{id='fakeTenantId'}]) but failed to remove it when the web application was stopped. Threads are going to be renewed over time to try and avoid a probable memory leak.
09-Apr-2017 12:21:13.162 SEVERE [localhost-startStop-2] org.apache.catalina.loader.WebappClassLoaderBase.checkThreadLocalMapForLeaks The web application [ROOT] created a ThreadLocal with key of type [webwork.action.ActionContext$1] (value [webwork.action.ActionContext$1@25de3676]) and a value of type [webwork.action.ActionContext] (value [webwork.action.ActionContext@684221dd]) but failed to remove it when the web application was stopped. Threads are going to be renewed over time to try and avoid a probable memory leak.
09-Apr-2017 12:21:13.162 SEVERE [localhost-startStop-2] org.apache.catalina.loader.WebappClassLoaderBase.checkThreadLocalMapForLeaks The web application [ROOT] created a ThreadLocal with key of type [java.lang.ThreadLocal] (value [java.lang.ThreadLocal@681fb317]) and a value of type [com.atlassian.jira.issue.index.SearcherCache] (value [com.atlassian.jira.issue.index.SearcherCache@742aeb5a]) but failed to remove it when the web application was stopped. Threads are going to be renewed over time to try and avoid a probable memory leak.
09-Apr-2017 12:21:13.163 SEVERE [localhost-startStop-2] org.apache.catalina.loader.WebappClassLoaderBase.checkThreadLocalMapForLeaks The web application [ROOT] created a ThreadLocal with key of type [java.lang.ThreadLocal] (value [java.lang.ThreadLocal@264c4b7d]) and a value of type [com.atlassian.jira.web.filters.ThreadLocalQueryProfiler] (value [com.atlassian.jira.web.filters.ThreadLocalQueryProfiler@338b28ce]) but failed to remove it when the web application was stopped. Threads are going to be renewed over time to try and avoid a probable memory leak.
09-Apr-2017 12:21:13.163 SEVERE [localhost-startStop-2] org.apache.catalina.loader.WebappClassLoaderBase.checkThreadLocalMapForLeaks The web application [ROOT] created a ThreadLocal with key of type [java.lang.ThreadLocal] (value [java.lang.ThreadLocal@269053d7]) and a value of type [com.atlassian.jira.tenancy.JiraTenantImpl] (value [JiraTenantImpl{id='fakeTenantId'}]) but failed to remove it when the web application was stopped. Threads are going to be renewed over time to try and avoid a probable memory leak.
09-Apr-2017 12:21:13.163 SEVERE [localhost-startStop-2] org.apache.catalina.loader.WebappClassLoaderBase.checkThreadLocalMapForLeaks The web application [ROOT] created a ThreadLocal with key of type [org.picocontainer.DefaultPicoContainer.IntoThreadLocal] (value [org.picocontainer.DefaultPicoContainer$IntoThreadLocal@174c364]) and a value of type [java.lang.Class] (value [class org.picocontainer.ComponentAdapter$NOTHING]) but failed to remove it when the web application was stopped. Threads are going to be renewed over time to try and avoid a probable memory leak.
09-Apr-2017 12:21:13.163 SEVERE [localhost-startStop-2] org.apache.catalina.loader.WebappClassLoaderBase.checkThreadLocalMapForLeaks The web application [ROOT] created a ThreadLocal with key of type [webwork.action.ActionContext$1] (value [webwork.action.ActionContext$1@25de3676]) and a value of type [webwork.action.ActionContext] (value [webwork.action.ActionContext@462b003a]) but failed to remove it when the web application was stopped. Threads are going to be renewed over time to try and avoid a probable memory leak.
09-Apr-2017 12:21:13.163 SEVERE [localhost-startStop-2] org.apache.catalina.loader.WebappClassLoaderBase.checkThreadLocalMapForLeaks The web application [ROOT] created a ThreadLocal with key of type [java.lang.ThreadLocal] (value [java.lang.ThreadLocal@681fb317]) and a value of type [com.atlassian.jira.issue.index.SearcherCache] (value [com.atlassian.jira.issue.index.SearcherCache@3f1e9deb]) but failed to remove it when the web application was stopped. Threads are going to be renewed over time to try and avoid a probable memory leak.
09-Apr-2017 12:21:13.164 SEVERE [localhost-startStop-2] org.apache.catalina.loader.WebappClassLoaderBase.checkThreadLocalMapForLeaks The web application [ROOT] created a ThreadLocal with key of type [java.lang.ThreadLocal] (value [java.lang.ThreadLocal@269053d7]) and a value of type [com.atlassian.jira.tenancy.JiraTenantImpl] (value [JiraTenantImpl{id='fakeTenantId'}]) but failed to remove it when the web application was stopped. Threads are going to be renewed over time to try and avoid a probable memory leak.
09-Apr-2017 12:21:13.164 SEVERE [localhost-startStop-2] org.apache.catalina.loader.WebappClassLoaderBase.checkThreadLocalMapForLeaks The web application [ROOT] created a ThreadLocal with key of type [webwork.action.ActionContext$1] (value [webwork.action.ActionContext$1@25de3676]) and a value of type [webwork.action.ActionContext] (value [webwork.action.ActionContext@1c4dc169]) but failed to remove it when the web application was stopped. Threads are going to be renewed over time to try and avoid a probable memory leak.
09-Apr-2017 12:21:13.164 SEVERE [localhost-startStop-2] org.apache.catalina.loader.WebappClassLoaderBase.checkThreadLocalMapForLeaks The web application [ROOT] created a ThreadLocal with key of type [java.lang.ThreadLocal] (value [java.lang.ThreadLocal@681fb317]) and a value of type [com.atlassian.jira.issue.index.SearcherCache] (value [com.atlassian.jira.issue.index.SearcherCache@766a4776]) but failed to remove it when the web application was stopped. Threads are going to be renewed over time to try and avoid a probable memory leak.
09-Apr-2017 12:21:13.164 SEVERE [localhost-startStop-2] org.apache.catalina.loader.WebappClassLoaderBase.checkThreadLocalMapForLeaks The web application [ROOT] created a ThreadLocal with key of type [java.lang.ThreadLocal] (value [java.lang.ThreadLocal@269053d7]) and a value of type [com.atlassian.jira.tenancy.JiraTenantImpl] (value [JiraTenantImpl{id='fakeTenantId'}]) but failed to remove it when the web application was stopped. Threads are going to be renewed over time to try and avoid a probable memory leak.
09-Apr-2017 12:21:13.164 SEVERE [localhost-startStop-2] org.apache.catalina.loader.WebappClassLoaderBase.checkThreadLocalMapForLeaks The web application [ROOT] created a ThreadLocal with key of type [webwork.action.ActionContext$1] (value [webwork.action.ActionContext$1@25de3676]) and a value of type [webwork.action.ActionContext] (value [webwork.action.ActionContext@68deb351]) but failed to remove it when the web application was stopped. Threads are going to be renewed over time to try and avoid a probable memory leak.
09-Apr-2017 12:21:13.164 SEVERE [localhost-startStop-2] org.apache.catalina.loader.WebappClassLoaderBase.checkThreadLocalMapForLeaks The web application [ROOT] created a ThreadLocal with key of type [java.lang.ThreadLocal] (value [java.lang.ThreadLocal@681fb317]) and a value of type [com.atlassian.jira.issue.index.SearcherCache] (value [com.atlassian.jira.issue.index.SearcherCache@23649a64]) but failed to remove it when the web application was stopped. Threads are going to be renewed over time to try and avoid a probable memory leak.
09-Apr-2017 12:21:13.165 SEVERE [localhost-startStop-2] org.apache.catalina.loader.WebappClassLoaderBase.checkThreadLocalMapForLeaks The web application [ROOT] created a ThreadLocal with key of type [java.lang.ThreadLocal] (value [java.lang.ThreadLocal@269053d7]) and a value of type [com.atlassian.jira.tenancy.JiraTenantImpl] (value [JiraTenantImpl{id='fakeTenantId'}]) but failed to remove it when the web application was stopped. Threads are going to be renewed over time to try and avoid a probable memory leak.
09-Apr-2017 12:21:13.165 SEVERE [localhost-startStop-2] org.apache.catalina.loader.WebappClassLoaderBase.checkThreadLocalMapForLeaks The web application [ROOT] created a ThreadLocal with key of type [webwork.action.ActionContext$1] (value [webwork.action.ActionContext$1@25de3676]) and a value of type [webwork.action.ActionContext] (value [webwork.action.ActionContext@51d041e8]) but failed to remove it when the web application was stopped. Threads are going to be renewed over time to try and avoid a probable memory leak.
09-Apr-2017 12:21:13.165 SEVERE [localhost-startStop-2] org.apache.catalina.loader.WebappClassLoaderBase.checkThreadLocalMapForLeaks The web application [ROOT] created a ThreadLocal with key of type [java.lang.ThreadLocal] (value [java.lang.ThreadLocal@681fb317]) and a value of type [com.atlassian.jira.issue.index.SearcherCache] (value [com.atlassian.jira.issue.index.SearcherCache@75a5ed53]) but failed to remove it when the web application was stopped. Threads are going to be renewed over time to try and avoid a probable memory leak.
09-Apr-2017 12:21:13.166 SEVERE [localhost-startStop-2] org.apache.catalina.loader.WebappClassLoaderBase.checkThreadLocalMapForLeaks The web application [ROOT] created a ThreadLocal with key of type [java.lang.ThreadLocal] (value [java.lang.ThreadLocal@269053d7]) and a value of type [com.atlassian.jira.tenancy.JiraTenantImpl] (value [JiraTenantImpl{id='fakeTenantId'}]) but failed to remove it when the web application was stopped. Threads are going to be renewed over time to try and avoid a probable memory leak.
09-Apr-2017 12:21:13.166 SEVERE [localhost-startStop-2] org.apache.catalina.loader.WebappClassLoaderBase.checkThreadLocalMapForLeaks The web application [ROOT] created a ThreadLocal with key of type [webwork.action.ActionContext$1] (value [webwork.action.ActionContext$1@25de3676]) and a value of type [webwork.action.ActionContext] (value [webwork.action.ActionContext@68fc9c8d]) but failed to remove it when the web application was stopped. Threads are going to be renewed over time to try and avoid a probable memory leak.
09-Apr-2017 12:21:13.166 SEVERE [localhost-startStop-2] org.apache.catalina.loader.WebappClassLoaderBase.checkThreadLocalMapForLeaks The web application [ROOT] created a ThreadLocal with key of type [java.lang.ThreadLocal] (value [java.lang.ThreadLocal@681fb317]) and a value of type [com.atlassian.jira.issue.index.SearcherCache] (value [com.atlassian.jira.issue.index.SearcherCache@6fcc9c4c]) but failed to remove it when the web application was stopped. Threads are going to be renewed over time to try and avoid a probable memory leak.
09-Apr-2017 12:21:13.167 SEVERE [localhost-startStop-2] org.apache.catalina.loader.WebappClassLoaderBase.checkThreadLocalMapForLeaks The web application [ROOT] created a ThreadLocal with key of type [java.lang.ThreadLocal] (value [java.lang.ThreadLocal@269053d7]) and a value of type [com.atlassian.jira.tenancy.JiraTenantImpl] (value [JiraTenantImpl{id='fakeTenantId'}]) but failed to remove it when the web application was stopped. Threads are going to be renewed over time to try and avoid a probable memory leak.
09-Apr-2017 12:21:13.167 SEVERE [localhost-startStop-2] org.apache.catalina.loader.WebappClassLoaderBase.checkThreadLocalMapForLeaks The web application [ROOT] created a ThreadLocal with key of type [webwork.action.ActionContext$1] (value [webwork.action.ActionContext$1@25de3676]) and a value of type [webwork.action.ActionContext] (value [webwork.action.ActionContext@3cc05f5c]) but failed to remove it when the web application was stopped. Threads are going to be renewed over time to try and avoid a probable memory leak.
09-Apr-2017 12:21:13.167 SEVERE [localhost-startStop-2] org.apache.catalina.loader.WebappClassLoaderBase.checkThreadLocalMapForLeaks The web application [ROOT] created a ThreadLocal with key of type [java.lang.ThreadLocal] (value [java.lang.ThreadLocal@681fb317]) and a value of type [com.atlassian.jira.issue.index.SearcherCache] (value [com.atlassian.jira.issue.index.SearcherCache@6655e2e2]) but failed to remove it when the web application was stopped. Threads are going to be renewed over time to try and avoid a probable memory leak.
09-Apr-2017 12:21:13.167 SEVERE [localhost-startStop-2] org.apache.catalina.loader.WebappClassLoaderBase.checkThreadLocalMapForLeaks The web application [ROOT] created a ThreadLocal with key of type [java.lang.ThreadLocal] (value [java.lang.ThreadLocal@269053d7]) and a value of type [com.atlassian.jira.tenancy.JiraTenantImpl] (value [JiraTenantImpl{id='fakeTenantId'}]) but failed to remove it when the web application was stopped. Threads are going to be renewed over time to try and avoid a probable memory leak.
09-Apr-2017 12:21:13.167 SEVERE [localhost-startStop-2] org.apache.catalina.loader.WebappClassLoaderBase.checkThreadLocalMapForLeaks The web application [ROOT] created a ThreadLocal with key of type [webwork.action.ActionContext$1] (value [webwork.action.ActionContext$1@25de3676]) and a value of type [webwork.action.ActionContext] (value [webwork.action.ActionContext@6ac10251]) but failed to remove it when the web application was stopped. Threads are going to be renewed over time to try and avoid a probable memory leak.
09-Apr-2017 12:21:13.167 SEVERE [localhost-startStop-2] org.apache.catalina.loader.WebappClassLoaderBase.checkThreadLocalMapForLeaks The web application [ROOT] created a ThreadLocal with key of type [java.lang.ThreadLocal] (value [java.lang.ThreadLocal@681fb317]) and a value of type [com.atlassian.jira.issue.index.SearcherCache] (value [com.atlassian.jira.issue.index.SearcherCache@6164cdb9]) but failed to remove it when the web application was stopped. Threads are going to be renewed over time to try and avoid a probable memory leak.
09-Apr-2017 12:21:13.168 SEVERE [localhost-startStop-2] org.apache.catalina.loader.WebappClassLoaderBase.checkThreadLocalMapForLeaks The web application [ROOT] created a ThreadLocal with key of type [java.lang.ThreadLocal] (value [java.lang.ThreadLocal@269053d7]) and a value of type [com.atlassian.jira.tenancy.JiraTenantImpl] (value [JiraTenantImpl{id='fakeTenantId'}]) but failed to remove it when the web application was stopped. Threads are going to be renewed over time to try and avoid a probable memory leak.
09-Apr-2017 12:21:13.168 SEVERE [localhost-startStop-2] org.apache.catalina.loader.WebappClassLoaderBase.checkThreadLocalMapForLeaks The web application [ROOT] created a ThreadLocal with key of type [webwork.action.ActionContext$1] (value [webwork.action.ActionContext$1@25de3676]) and a value of type [webwork.action.ActionContext] (value [webwork.action.ActionContext@5f604476]) but failed to remove it when the web application was stopped. Threads are going to be renewed over time to try and avoid a probable memory leak.
09-Apr-2017 12:21:13.168 SEVERE [localhost-startStop-2] org.apache.catalina.loader.WebappClassLoaderBase.checkThreadLocalMapForLeaks The web application [ROOT] created a ThreadLocal with key of type [java.lang.ThreadLocal] (value [java.lang.ThreadLocal@681fb317]) and a value of type [com.atlassian.jira.issue.index.SearcherCache] (value [com.atlassian.jira.issue.index.SearcherCache@3394b6ab]) but failed to remove it when the web application was stopped. Threads are going to be renewed over time to try and avoid a probable memory leak.
09-Apr-2017 12:21:13.168 SEVERE [localhost-startStop-2] org.apache.catalina.loader.WebappClassLoaderBase.checkThreadLocalMapForLeaks The web application [ROOT] created a ThreadLocal with key of type [java.lang.ThreadLocal] (value [java.lang.ThreadLocal@269053d7]) and a value of type [com.atlassian.jira.tenancy.JiraTenantImpl] (value [JiraTenantImpl{id='fakeTenantId'}]) but failed to remove it when the web application was stopped. Threads are going to be renewed over time to try and avoid a probable memory leak.
09-Apr-2017 12:21:13.168 SEVERE [localhost-startStop-2] org.apache.catalina.loader.WebappClassLoaderBase.checkThreadLocalMapForLeaks The web application [ROOT] created a ThreadLocal with key of type [webwork.action.ActionContext$1] (value [webwork.action.ActionContext$1@25de3676]) and a value of type [webwork.action.ActionContext] (value [webwork.action.ActionContext@6e8a075b]) but failed to remove it when the web application was stopped. Threads are going to be renewed over time to try and avoid a probable memory leak.
09-Apr-2017 12:21:13.168 SEVERE [localhost-startStop-2] org.apache.catalina.loader.WebappClassLoaderBase.checkThreadLocalMapForLeaks The web application [ROOT] created a ThreadLocal with key of type [java.lang.ThreadLocal] (value [java.lang.ThreadLocal@681fb317]) and a value of type [com.atlassian.jira.issue.index.SearcherCache] (value [com.atlassian.jira.issue.index.SearcherCache@2754b2af]) but failed to remove it when the web application was stopped. Threads are going to be renewed over time to try and avoid a probable memory leak.
09-Apr-2017 12:21:13.169 SEVERE [localhost-startStop-2] org.apache.catalina.loader.WebappClassLoaderBase.checkThreadLocalMapForLeaks The web application [ROOT] created a ThreadLocal with key of type [java.lang.ThreadLocal] (value [java.lang.ThreadLocal@269053d7]) and a value of type [com.atlassian.jira.tenancy.JiraTenantImpl] (value [JiraTenantImpl{id='fakeTenantId'}]) but failed to remove it when the web application was stopped. Threads are going to be renewed over time to try and avoid a probable memory leak.
09-Apr-2017 12:21:13.169 SEVERE [localhost-startStop-2] org.apache.catalina.loader.WebappClassLoaderBase.checkThreadLocalMapForLeaks The web application [ROOT] created a ThreadLocal with key of type [webwork.action.ActionContext$1] (value [webwork.action.ActionContext$1@25de3676]) and a value of type [webwork.action.ActionContext] (value [webwork.action.ActionContext@68b0c1d]) but failed to remove it when the web application was stopped. Threads are going to be renewed over time to try and avoid a probable memory leak.
09-Apr-2017 12:21:13.169 SEVERE [localhost-startStop-2] org.apache.catalina.loader.WebappClassLoaderBase.checkThreadLocalMapForLeaks The web application [ROOT] created a ThreadLocal with key of type [java.lang.ThreadLocal] (value [java.lang.ThreadLocal@681fb317]) and a value of type [com.atlassian.jira.issue.index.SearcherCache] (value [com.atlassian.jira.issue.index.SearcherCache@103cc389]) but failed to remove it when the web application was stopped. Threads are going to be renewed over time to try and avoid a probable memory leak.
09-Apr-2017 12:21:13.169 SEVERE [localhost-startStop-2] org.apache.catalina.loader.WebappClassLoaderBase.checkThreadLocalMapForLeaks The web application [ROOT] created a ThreadLocal with key of type [java.lang.ThreadLocal] (value [java.lang.ThreadLocal@269053d7]) and a value of type [com.atlassian.jira.tenancy.JiraTenantImpl] (value [JiraTenantImpl{id='fakeTenantId'}]) but failed to remove it when the web application was stopped. Threads are going to be renewed over time to try and avoid a probable memory leak.
09-Apr-2017 12:21:13.169 SEVERE [localhost-startStop-2] org.apache.catalina.loader.WebappClassLoaderBase.checkThreadLocalMapForLeaks The web application [ROOT] created a ThreadLocal with key of type [webwork.action.ActionContext$1] (value [webwork.action.ActionContext$1@25de3676]) and a value of type [webwork.action.ActionContext] (value [webwork.action.ActionContext@2eb2be0a]) but failed to remove it when the web application was stopped. Threads are going to be renewed over time to try and avoid a probable memory leak.
09-Apr-2017 12:21:13.179 INFO [main] org.apache.coyote.AbstractProtocol.stop Stopping ProtocolHandler ["http-nio-8080"]
09-Apr-2017 12:21:13.193 INFO [main] org.apache.coyote.AbstractProtocol.destroy Destroying ProtocolHandler ["http-nio-8080"]
